ΓÜá [463/507] Replayed RevHalt.Theory.Splitter
warning: RevHalt/Theory/Splitter.lean:38:10: The namespace 'Splitter' is duplicated in the declaration 'RevHalt.Splitter.Splitter'

Note: This linter can be disabled with `set_option linter.dupNamespace false`
warning: RevHalt/Theory/Splitter.lean:38:10: The namespace 'Splitter' is duplicated in the declaration 'RevHalt.Splitter.Splitter.mk'

Note: This linter can be disabled with `set_option linter.dupNamespace false`
warning: RevHalt/Theory/Splitter.lean:40:2: The namespace 'Splitter' is duplicated in the declaration 'RevHalt.Splitter.Splitter.split'

Note: This linter can be disabled with `set_option linter.dupNamespace false`
warning: RevHalt/Theory/Splitter.lean:43:2: The namespace 'Splitter' is duplicated in the declaration 'RevHalt.Splitter.Splitter.refinement'

Note: This linter can be disabled with `set_option linter.dupNamespace false`
warning: RevHalt/Theory/Splitter.lean:46:2: The namespace 'Splitter' is duplicated in the declaration 'RevHalt.Splitter.Splitter.cover'

Note: This linter can be disabled with `set_option linter.dupNamespace false`
warning: RevHalt/Theory/Splitter.lean:106:8: declaration uses 'sorry'
info: RevHalt/Theory/Splitter.lean:182:0: 'RevHalt.Splitter.compose' depends on axioms: [propext, Quot.sound]
info: RevHalt/Theory/Splitter.lean:183:0: 'RevHalt.Splitter.isAtomic' depends on axioms: [propext, Quot.sound]
info: RevHalt/Theory/Splitter.lean:184:0: 'RevHalt.Splitter.Prime_RH' depends on axioms: [propext, Quot.sound]
info: RevHalt/Theory/Splitter.lean:185:0: 'RevHalt.Splitter.Cases' does not depend on any axioms
info: RevHalt/Theory/Splitter.lean:186:0: 'RevHalt.Splitter.ResEquiv' does not depend on any axioms
info: RevHalt/Theory/Splitter.lean:187:0: 'RevHalt.Splitter.Queue' does not depend on any axioms
Γä╣ [493/507] Replayed RevHalt.Base.Trace
info: RevHalt/Base/Trace.lean:51:0: 'RevHalt.up_mono' depends on axioms: [propext]
info: RevHalt/Base/Trace.lean:52:0: 'RevHalt.exists_up_iff' does not depend on any axioms
Γä╣ [506/507] Replayed RevHalt.Theory.Up2
info: RevHalt/Theory/Up2.lean:627:0: 'RevHalt.Up2.Up2Closed_univ' does not depend on any axioms
info: RevHalt/Theory/Up2.lean:628:0: 'RevHalt.Up2.Up2Set_base' does not depend on any axioms
info: RevHalt/Theory/Up2.lean:629:0: 'RevHalt.Up2.Up2Set_stepP' does not depend on any axioms
info: RevHalt/Theory/Up2.lean:630:0: 'RevHalt.Up2.Up2Set_stepO' does not depend on any axioms
info: RevHalt/Theory/Up2.lean:631:0: 'RevHalt.Up2.Up2Set_isClosed' does not depend on any axioms
info: RevHalt/Theory/Up2.lean:632:0: 'RevHalt.Up2.Up2Set_least' does not depend on any axioms
info: RevHalt/Theory/Up2.lean:633:0: 'RevHalt.Up2.Up2_extensive' does not depend on any axioms
info: RevHalt/Theory/Up2.lean:634:0: 'RevHalt.Up2.Up2_mono' does not depend on any axioms
info: RevHalt/Theory/Up2.lean:635:0: 'RevHalt.Up2.Up2_idem_subset' does not depend on any axioms
info: RevHalt/Theory/Up2.lean:636:0: 'RevHalt.Up2.Up2_idem_supset' does not depend on any axioms
info: RevHalt/Theory/Up2.lean:637:0: 'RevHalt.Up2.Up2_idem_iff' does not depend on any axioms
info: RevHalt/Theory/Up2.lean:638:0: 'RevHalt.Up2.Up2_idem' depends on axioms: [propext, Quot.sound]
info: RevHalt/Theory/Up2.lean:639:0: 'RevHalt.Up2.Good_iff_Halts' does not depend on any axioms
info: RevHalt/Theory/Up2.lean:640:0: 'RevHalt.Up2.deterministic_O_choice_unique' does not depend on any axioms
info: RevHalt/Theory/Up2.lean:643:0: 'RevHalt.Up2.Avoid2Set_largest' does not depend on any axioms
info: RevHalt/Theory/Up2.lean:644:0: 'RevHalt.Up2.Avoid2Set_isClosed' does not depend on any axioms
info: RevHalt/Theory/Up2.lean:645:0: 'RevHalt.Up2.Avoid2Set_subset_compl' does not depend on any axioms
info: RevHalt/Theory/Up2.lean:646:0: 'RevHalt.Up2.notAvoid2_isClosed' does not depend on any axioms
info: RevHalt/Theory/Up2.lean:647:0: 'RevHalt.Up2.Up2Mem_imp_not_Avoid2' does not depend on any axioms
info: RevHalt/Theory/Up2.lean:648:0: 'RevHalt.Up2.Avoid2Mem_imp_not_Up2Mem' does not depend on any axioms
info: RevHalt/Theory/Up2.lean:649:0: 'RevHalt.Up2.kernel_iff_of_DetOpen2' does not depend on any axioms
info: RevHalt/Theory/Up2.lean:652:0: 'RevHalt.Up2.T1_Up2' does not depend on any axioms
info: RevHalt/Theory/Up2.lean:653:0: 'RevHalt.Up2.T1_Avoid_neg_noPropext' does not depend on any axioms
info: RevHalt/Theory/Up2.lean:654:0: 'RevHalt.Up2.T1_Avoid2_noPropext' does not depend on any axioms
info: RevHalt/Theory/Up2.lean:655:0: 'RevHalt.Up2.AvoidK_iff_not_in_Up2Set_noPropext' does not depend on any axioms
Γ£û [507/507] Building RevHalt.Theory.AvoidanceBridge (7.3s)
trace: .> LEAN_PATH=C:\Users\frederick.loubli.TKS\OneDrive - t-kartor.com\Pictures\WORKSPACELEAN\RevHalt\.lake\packages\Cli\.lake\build\lib\lean;C:\Users\frederick.loubli.TKS\OneDrive - t-kartor.com\Pictures\WORKSPACELEAN\RevHalt\.lake\packages\batteries\.lake\build\lib\lean;C:\Users\frederick.loubli.TKS\OneDrive - t-kartor.com\Pictures\WORKSPACELEAN\RevHalt\.lake\packages\Qq\.lake\build\lib\lean;C:\Users\frederick.loubli.TKS\OneDrive - t-kartor.com\Pictures\WORKSPACELEAN\RevHalt\.lake\packages\aesop\.lake\build\lib\lean;C:\Users\frederick.loubli.TKS\OneDrive - t-kartor.com\Pictures\WORKSPACELEAN\RevHalt\.lake\packages\proofwidgets\.lake\build\lib\lean;C:\Users\frederick.loubli.TKS\OneDrive - t-kartor.com\Pictures\WORKSPACELEAN\RevHalt\.lake\packages\importGraph\.lake\build\lib\lean;C:\Users\frederick.loubli.TKS\OneDrive - t-kartor.com\Pictures\WORKSPACELEAN\RevHalt\.lake\packages\LeanSearchClient\.lake\build\lib\lean;C:\Users\frederick.loubli.TKS\OneDrive - t-kartor.com\Pictures\WORKSPACELEAN\RevHalt\.lake\packages\plausible\.lake\build\lib\lean;C:\Users\frederick.loubli.TKS\OneDrive - t-kartor.com\Pictures\WORKSPACELEAN\RevHalt\.lake\packages\mathlib\.lake\build\lib\lean;C:\Users\frederick.loubli.TKS\OneDrive - t-kartor.com\Pictures\WORKSPACELEAN\RevHalt\.lake\build\lib\lean c:\Users\frederick.loubli.TKS\.elan\toolchains\leanprover--lean4---v4.26.0-rc2\bin\lean.exe C:\Users\frederick.loubli.TKS\OneDrive - t-kartor.com\Pictures\WORKSPACELEAN\RevHalt\RevHalt\Theory\AvoidanceBridge.lean -o C:\Users\frederick.loubli.TKS\OneDrive - t-kartor.com\Pictures\WORKSPACELEAN\RevHalt\.lake\build\lib\lean\RevHalt\Theory\AvoidanceBridge.olean -i C:\Users\frederick.loubli.TKS\OneDrive - t-kartor.com\Pictures\WORKSPACELEAN\RevHalt\.lake\build\lib\lean\RevHalt\Theory\AvoidanceBridge.ilean -c C:\Users\frederick.loubli.TKS\OneDrive - t-kartor.com\Pictures\WORKSPACELEAN\RevHalt\.lake\build\ir\RevHalt\Theory\AvoidanceBridge.c --setup C:\Users\frederick.loubli.TKS\OneDrive - t-kartor.com\Pictures\WORKSPACELEAN\RevHalt\.lake\build\ir\RevHalt\Theory\AvoidanceBridge.setup.json --json
error: RevHalt/Theory/AvoidanceBridge.lean:49:43: Unknown constant `Set.mem_singleton_iff.mp`
error: Lean exited with code 1
Some required targets logged failures:
- RevHalt.Theory.AvoidanceBridge
error: build failed
