ΓÜá [463/465] Replayed RevHalt.Theory.Splitter
warning: RevHalt/Theory/Splitter.lean:38:10: The namespace 'Splitter' is duplicated in the declaration 'RevHalt.Splitter.Splitter'

Note: This linter can be disabled with `set_option linter.dupNamespace false`
warning: RevHalt/Theory/Splitter.lean:38:10: The namespace 'Splitter' is duplicated in the declaration 'RevHalt.Splitter.Splitter.mk'

Note: This linter can be disabled with `set_option linter.dupNamespace false`
warning: RevHalt/Theory/Splitter.lean:40:2: The namespace 'Splitter' is duplicated in the declaration 'RevHalt.Splitter.Splitter.split'

Note: This linter can be disabled with `set_option linter.dupNamespace false`
warning: RevHalt/Theory/Splitter.lean:43:2: The namespace 'Splitter' is duplicated in the declaration 'RevHalt.Splitter.Splitter.refinement'

Note: This linter can be disabled with `set_option linter.dupNamespace false`
warning: RevHalt/Theory/Splitter.lean:46:2: The namespace 'Splitter' is duplicated in the declaration 'RevHalt.Splitter.Splitter.cover'

Note: This linter can be disabled with `set_option linter.dupNamespace false`
warning: RevHalt/Theory/Splitter.lean:106:8: declaration uses 'sorry'
info: RevHalt/Theory/Splitter.lean:182:0: 'RevHalt.Splitter.compose' depends on axioms: [propext, Quot.sound]
info: RevHalt/Theory/Splitter.lean:183:0: 'RevHalt.Splitter.isAtomic' depends on axioms: [propext, Quot.sound]
info: RevHalt/Theory/Splitter.lean:184:0: 'RevHalt.Splitter.Prime_RH' depends on axioms: [propext, Quot.sound]
info: RevHalt/Theory/Splitter.lean:185:0: 'RevHalt.Splitter.Cases' does not depend on any axioms
info: RevHalt/Theory/Splitter.lean:186:0: 'RevHalt.Splitter.ResEquiv' does not depend on any axioms
info: RevHalt/Theory/Splitter.lean:187:0: 'RevHalt.Splitter.Queue' does not depend on any axioms
Γ£û [464/465] Running Mathlib.Data.Nat.Prime
error: no such file or directory (error code: 2)
  file: C:\Users\frederick.loubli.TKS\OneDrive - t-kartor.com\Pictures\WORKSPACELEAN\RevHalt\.lake\packages\mathlib\Mathlib\Data\Nat\Prime.lean
Γ£û [465/465] Running RevHalt.Theory.SplitterArithmetic
error: RevHalt\Theory\SplitterArithmetic.lean: bad import 'Mathlib.Data.Nat.Prime'
error: build failed
Some required targets logged failures:
- Mathlib.Data.Nat.Prime
- RevHalt.Theory.SplitterArithmetic
